<?xml version="1.0" encoding="UTF-8"?>
<!-- Generated by org.testng.reporters.JUnitReportReporter -->
<testsuite hostname="HCL-DevendraSingh" failures="0" tests="2" name="com.training.sanity.tests.LoginTests" time="26.468" errors="0" timestamp="2023-04-11T19:46:36 IST" skipped="0">
  <testcase classname="com.training.sanity.tests.LoginTests" name="validLoginTest" time="8.533"/>
  <system-out/>
  <testcase classname="com.training.sanity.tests.LoginTests" name="validLogoutTest" time="17.935"/>
  <system-out/>
</testsuite> <!-- com.training.sanity.tests.LoginTests -->
